[2026-05-18 20:48:09] ============================================================
[2026-05-18 20:48:09] DS-0 紧急平仓 · 直接API调用
[2026-05-18 20:48:09] 📊 BCHUSDT LONG 2.8590 @ $376.30 | mark=$376.14 | liq=$373.34 | dist=0.75% | upnl=$-0.45
[2026-05-18 20:48:09] ⚠️ 发现 1 个持仓，开始平仓...
[2026-05-18 20:48:09] 🔄 平仓 BCHUSDT LONG 2.8590...
[2026-05-18 20:48:10] ❌ 平仓失败: 400 {"code":-1106,"msg":"Parameter 'reduceonly' sent when not required."}
[2026-05-18 20:48:11] ❌ 方法2也失败: 400 {"code":-4061,"msg":"Order's position side does not match user's setting."}
[2026-05-18 20:48:14] ⚠️ 仍有持仓: BCHUSDT 2.859
[2026-05-18 20:48:14] 💰 钱包: $34.65 | 可用: $20.85 | upnl: $0.03
[2026-05-18 20:48:14] ============================================================
[2026-05-18 20:48:14] DS-0 紧急平仓完成
[2026-05-18 20:48:32] ============================================================
[2026-05-18 20:48:32] DS-0 紧急平仓 · 直接API调用
[2026-05-18 20:48:32] 📊 BCHUSDT LONG 2.8590 @ $376.30 | mark=$376.70 | liq=$373.34 | dist=0.89% | upnl=$1.15
[2026-05-18 20:48:32] ⚠️ 发现 1 个持仓，开始平仓...
[2026-05-18 20:48:32] 🔄 平仓 BCHUSDT LONG 2.8590...
[2026-05-18 20:48:32] ✅ 平仓成功! BCHUSDT LONG 2.8590 | orderId=38968156847 | 成交价=0.00
[2026-05-18 20:48:35] ✅ 全部平仓完成! 无残留持仓
[2026-05-18 20:48:35] 💰 钱包: $34.83 | 可用: $34.83 | upnl: $0.00
[2026-05-18 20:48:35] ============================================================
[2026-05-18 20:48:35] DS-0 紧急平仓完成
[2026-05-18 20:49:26] ============================================================
[2026-05-18 20:49:26] DS-0 紧急平仓 · 直接API调用
[2026-05-18 20:49:26] 📊 ETHUSDT LONG 0.9870 @ $2150.99 | mark=$2151.29 | liq=$2146.31 | dist=0.23% | upnl=$0.30
[2026-05-18 20:49:26] ⚠️ 发现 1 个持仓，开始平仓...
[2026-05-18 20:49:26] 🔄 平仓 ETHUSDT LONG 0.9870...
[2026-05-18 20:49:26] ✅ 平仓成功! ETHUSDT LONG 0.9870 | orderId=8389766182230203289 | 成交价=0.00
[2026-05-18 20:49:29] ✅ 全部平仓完成! 无残留持仓
[2026-05-18 20:49:29] 💰 钱包: $33.03 | 可用: $33.03 | upnl: $0.00
[2026-05-18 20:49:29] ============================================================
[2026-05-18 20:49:29] DS-0 紧急平仓完成
[2026-05-18 23:17:24] ============================================================
[2026-05-18 23:17:24] DS-0 紧急平仓 · 直接API调用
[2026-05-18 23:17:24] 📊 BCHUSDT SHORT 2.0460 @ $366.55 | mark=$369.64 | liq=$371.85 | dist=0.60% | upnl=$-6.32
[2026-05-18 23:17:24] 📊 BTCUSDT SHORT 0.0030 @ $76379.10 | mark=$76186.50 | liq=$79840.60 | dist=4.80% | upnl=$0.58
[2026-05-18 23:17:24] ⚠️ 发现 2 个持仓，开始平仓...
[2026-05-18 23:17:24] 🔄 平仓 BCHUSDT SHORT 2.0460...
[2026-05-18 23:17:24] ✅ 平仓成功! BCHUSDT SHORT 2.0460 | orderId=38970940417 | 成交价=0.00
[2026-05-18 23:17:25] 🔄 平仓 BTCUSDT SHORT 0.0030...
[2026-05-18 23:17:25] ✅ 平仓成功! BTCUSDT SHORT 0.0030 | orderId=1015172998095 | 成交价=0.00
[2026-05-18 23:17:28] ✅ 全部平仓完成! 无残留持仓
[2026-05-18 23:17:28] 💰 钱包: $40.19 | 可用: $40.19 | upnl: $0.00
[2026-05-18 23:17:28] ============================================================
[2026-05-18 23:17:28] DS-0 紧急平仓完成
